Compiling the C compiler identification source file "CMakeCCompilerId.c" failed.
Compiler: /home/ethan/.local/bin/sh-elf-gcc 
Build flags: 
Id flags:  

The output was:
1
/home/ethan/.local/share/fxsdk/sysroot/lib/gcc/sh3eb-elf/11.1.0/../../../../sh3eb-elf/bin/ld: /home/ethan/.local/share/fxsdk/sysroot/lib/gcc/sh3eb-elf/11.1.0/../../../../sh3eb-elf/lib/libc.a(dso.c.obj):(.data+0x0): multiple definition of `___dso_handle'; /home/ethan/.local/share/fxsdk/sysroot/lib/gcc/sh3eb-elf/11.1.0/crtbegin.o:(.data+0x0): first defined here
/home/ethan/.local/share/fxsdk/sysroot/lib/gcc/sh3eb-elf/11.1.0/../../../../sh3eb-elf/bin/ld: /home/ethan/.local/share/fxsdk/sysroot/lib/gcc/sh3eb-elf/11.1.0/crt1.o: in function `main_k':
(.text+0x5c): undefined reference to `___setup_argv_and_call_main'
/home/ethan/.local/share/fxsdk/sysroot/lib/gcc/sh3eb-elf/11.1.0/../../../../sh3eb-elf/bin/ld: /home/ethan/.local/share/fxsdk/sysroot/lib/gcc/sh3eb-elf/11.1.0/../../../../sh3eb-elf/lib/libc.a(exit.c.obj): in function `_exit':
exit.c:(.text+0x18): undefined reference to `__Exit'
/home/ethan/.local/share/fxsdk/sysroot/lib/gcc/sh3eb-elf/11.1.0/../../../../sh3eb-elf/bin/ld: /home/ethan/.local/share/fxsdk/sysroot/lib/gcc/sh3eb-elf/11.1.0/../../../../sh3eb-elf/lib/libc.a(malloc.c.obj): in function `_malloc':
malloc.c:(.text+0x18): undefined reference to `_kmalloc'
collect2: error: ld returned 1 exit status


Compiling the CXX compiler identification source file "CMakeCXXCompilerId.cpp" failed.
Compiler: /home/ethan/.local/bin/sh-elf-g++ 
Build flags: 
Id flags:  

The output was:
1
/home/ethan/.local/share/fxsdk/sysroot/lib/gcc/sh3eb-elf/11.1.0/../../../../sh3eb-elf/bin/ld: /home/ethan/.local/share/fxsdk/sysroot/lib/gcc/sh3eb-elf/11.1.0/../../../../sh3eb-elf/lib/libc.a(dso.c.obj):(.data+0x0): multiple definition of `___dso_handle'; /home/ethan/.local/share/fxsdk/sysroot/lib/gcc/sh3eb-elf/11.1.0/crtbegin.o:(.data+0x0): first defined here
/home/ethan/.local/share/fxsdk/sysroot/lib/gcc/sh3eb-elf/11.1.0/../../../../sh3eb-elf/bin/ld: /home/ethan/.local/share/fxsdk/sysroot/lib/gcc/sh3eb-elf/11.1.0/crt1.o: in function `main_k':
(.text+0x5c): undefined reference to `___setup_argv_and_call_main'
/home/ethan/.local/share/fxsdk/sysroot/lib/gcc/sh3eb-elf/11.1.0/../../../../sh3eb-elf/bin/ld: /home/ethan/.local/share/fxsdk/sysroot/lib/gcc/sh3eb-elf/11.1.0/../../../../sh3eb-elf/lib/libc.a(exit.c.obj): in function `_exit':
exit.c:(.text+0x18): undefined reference to `__Exit'
/home/ethan/.local/share/fxsdk/sysroot/lib/gcc/sh3eb-elf/11.1.0/../../../../sh3eb-elf/bin/ld: /home/ethan/.local/share/fxsdk/sysroot/lib/gcc/sh3eb-elf/11.1.0/../../../../sh3eb-elf/lib/libc.a(malloc.c.obj): in function `_malloc':
malloc.c:(.text+0x18): undefined reference to `_kmalloc'
collect2: error: ld returned 1 exit status


Determining if the C compiler works failed with the following output:
Change Dir: /home/ethan/9860giii/snake/build/CMakeFiles/CMakeTmp

Run Build Command(s):/usr/bin/make cmTC_0bc12/fast && /usr/bin/make -f CMakeFiles/cmTC_0bc12.dir/build.make CMakeFiles/cmTC_0bc12.dir/build
make[1]: Entering directory '/home/ethan/9860giii/snake/build/CMakeFiles/CMakeTmp'
Building C object CMakeFiles/cmTC_0bc12.dir/testCCompiler.c.o
/home/ethan/.local/bin/sh-elf-gcc    -o CMakeFiles/cmTC_0bc12.dir/testCCompiler.c.o   -c /home/ethan/9860giii/snake/build/CMakeFiles/CMakeTmp/testCCompiler.c
Linking C executable cmTC_0bc12
/usr/bin/cmake -E cmake_link_script CMakeFiles/cmTC_0bc12.dir/link.txt --verbose=1
/home/ethan/.local/bin/sh-elf-gcc      CMakeFiles/cmTC_0bc12.dir/testCCompiler.c.o  -o cmTC_0bc12 
/home/ethan/.local/share/fxsdk/sysroot/lib/gcc/sh3eb-elf/11.1.0/../../../../sh3eb-elf/bin/ld: /home/ethan/.local/share/fxsdk/sysroot/lib/gcc/sh3eb-elf/11.1.0/../../../../sh3eb-elf/lib/libc.a(dso.c.obj):(.data+0x0): multiple definition of `___dso_handle'; /home/ethan/.local/share/fxsdk/sysroot/lib/gcc/sh3eb-elf/11.1.0/crtbegin.o:(.data+0x0): first defined here
/home/ethan/.local/share/fxsdk/sysroot/lib/gcc/sh3eb-elf/11.1.0/../../../../sh3eb-elf/bin/ld: /home/ethan/.local/share/fxsdk/sysroot/lib/gcc/sh3eb-elf/11.1.0/crt1.o: in function `main_k':
(.text+0x5c): undefined reference to `___setup_argv_and_call_main'
/home/ethan/.local/share/fxsdk/sysroot/lib/gcc/sh3eb-elf/11.1.0/../../../../sh3eb-elf/bin/ld: /home/ethan/.local/share/fxsdk/sysroot/lib/gcc/sh3eb-elf/11.1.0/../../../../sh3eb-elf/lib/libc.a(exit.c.obj): in function `_exit':
exit.c:(.text+0x18): undefined reference to `__Exit'
/home/ethan/.local/share/fxsdk/sysroot/lib/gcc/sh3eb-elf/11.1.0/../../../../sh3eb-elf/bin/ld: /home/ethan/.local/share/fxsdk/sysroot/lib/gcc/sh3eb-elf/11.1.0/../../../../sh3eb-elf/lib/libc.a(malloc.c.obj): in function `_malloc':
malloc.c:(.text+0x18): undefined reference to `_kmalloc'
collect2: error: ld returned 1 exit status
make[1]: *** [CMakeFiles/cmTC_0bc12.dir/build.make:87: cmTC_0bc12] Error 1
make[1]: Leaving directory '/home/ethan/9860giii/snake/build/CMakeFiles/CMakeTmp'
make: *** [Makefile:121: cmTC_0bc12/fast] Error 2



